{"numFailedTestSuites":0,"numFailedTests":0,"numPassedTestSuites":1,"numPassedTests":17,"numPendingTestSuites":0,"numPendingTests":0,"numRuntimeErrorTestSuites":0,"numTodoTests":0,"numTotalTestSuites":1,"numTotalTests":17,"openHandles":[],"snapshot":{"added":0,"didUpdate":false,"failure":false,"filesAdded":0,"filesRemoved":0,"filesRemovedList":[],"filesUnmatched":0,"filesUpdated":0,"matched":0,"total":0,"unchecked":0,"uncheckedKeysByFile":[],"unmatched":0,"updated":0},"startTime":1781368501252,"success":true,"testResults":[{"assertionResults":[{"ancestorTitles":["finance-utils asNumber (P0-3 Fix)","Valid amounts"],"duration":2,"failing":false,"failureDetails":[],"failureMessages":[],"fullName":"finance-utils asNumber (P0-3 Fix) Valid amounts should convert valid numbers correctly","invocations":1,"location":null,"numPassingAsserts":3,"retryReasons":[],"startAt":1781368501794,"status":"passed","title":"should convert valid numbers correctly"},{"ancestorTitles":["finance-utils asNumber (P0-3 Fix)","Valid amounts"],"duration":0,"failing":false,"failureDetails":[],"failureMessages":[],"fullName":"finance-utils asNumber (P0-3 Fix) Valid amounts should convert string numbers correctly","invocations":1,"location":null,"numPassingAsserts":3,"retryReasons":[],"startAt":1781368501797,"status":"passed","title":"should convert string numbers correctly"},{"ancestorTitles":["finance-utils asNumber (P0-3 Fix)","Valid amounts"],"duration":0,"failing":false,"failureDetails":[],"failureMessages":[],"fullName":"finance-utils asNumber (P0-3 Fix) Valid amounts should handle maximum valid amount","invocations":1,"location":null,"numPassingAsserts":2,"retryReasons":[],"startAt":1781368501797,"status":"passed","title":"should handle maximum valid amount"},{"ancestorTitles":["finance-utils asNumber (P0-3 Fix)","Clamping (P0-3 Fix)"],"duration":1,"failing":false,"failureDetails":[],"failureMessages":[],"fullName":"finance-utils asNumber (P0-3 Fix) Clamping (P0-3 Fix) should clamp negative amounts to 0","invocations":1,"location":null,"numPassingAsserts":3,"retryReasons":[],"startAt":1781368501797,"status":"passed","title":"should clamp negative amounts to 0"},{"ancestorTitles":["finance-utils asNumber (P0-3 Fix)","Clamping (P0-3 Fix)"],"duration":0,"failing":false,"failureDetails":[],"failureMessages":[],"fullName":"finance-utils asNumber (P0-3 Fix) Clamping (P0-3 Fix) should clamp amounts exceeding maximum","invocations":1,"location":null,"numPassingAsserts":3,"retryReasons":[],"startAt":1781368501798,"status":"passed","title":"should clamp amounts exceeding maximum"},{"ancestorTitles":["finance-utils asNumber (P0-3 Fix)","Clamping (P0-3 Fix)"],"duration":1,"failing":false,"failureDetails":[],"failureMessages":[],"fullName":"finance-utils asNumber (P0-3 Fix) Clamping (P0-3 Fix) should clamp Infinity to maximum","invocations":1,"location":null,"numPassingAsserts":2,"retryReasons":[],"startAt":1781368501798,"status":"passed","title":"should clamp Infinity to maximum"},{"ancestorTitles":["finance-utils asNumber (P0-3 Fix)","Fallback to 0"],"duration":0,"failing":false,"failureDetails":[],"failureMessages":[],"fullName":"finance-utils asNumber (P0-3 Fix) Fallback to 0 should return 0 for NaN","invocations":1,"location":null,"numPassingAsserts":3,"retryReasons":[],"startAt":1781368501799,"status":"passed","title":"should return 0 for NaN"},{"ancestorTitles":["finance-utils asNumber (P0-3 Fix)","Fallback to 0"],"duration":0,"failing":false,"failureDetails":[],"failureMessages":[],"fullName":"finance-utils asNumber (P0-3 Fix) Fallback to 0 should return 0 for null","invocations":1,"location":null,"numPassingAsserts":1,"retryReasons":[],"startAt":1781368501799,"status":"passed","title":"should return 0 for null"},{"ancestorTitles":["finance-utils asNumber (P0-3 Fix)","Fallback to 0"],"duration":1,"failing":false,"failureDetails":[],"failureMessages":[],"fullName":"finance-utils asNumber (P0-3 Fix) Fallback to 0 should return 0 for empty string","invocations":1,"location":null,"numPassingAsserts":1,"retryReasons":[],"startAt":1781368501799,"status":"passed","title":"should return 0 for empty string"},{"ancestorTitles":["finance-utils asNumber (P0-3 Fix)","Type coercion"],"duration":0,"failing":false,"failureDetails":[],"failureMessages":[],"fullName":"finance-utils asNumber (P0-3 Fix) Type coercion should handle boolean values","invocations":1,"location":null,"numPassingAsserts":2,"retryReasons":[],"startAt":1781368501800,"status":"passed","title":"should handle boolean values"},{"ancestorTitles":["finance-utils asNumber (P0-3 Fix)","Type coercion"],"duration":0,"failing":false,"failureDetails":[],"failureMessages":[],"fullName":"finance-utils asNumber (P0-3 Fix) Type coercion should handle objects with valueOf","invocations":1,"location":null,"numPassingAsserts":1,"retryReasons":[],"startAt":1781368501800,"status":"passed","title":"should handle objects with valueOf"},{"ancestorTitles":["finance-utils asNumber (P0-3 Fix)","Real-world database scenarios"],"duration":1,"failing":false,"failureDetails":[],"failureMessages":[],"fullName":"finance-utils asNumber (P0-3 Fix) Real-world database scenarios should safely handle database nulls","invocations":1,"location":null,"numPassingAsserts":1,"retryReasons":[],"startAt":1781368501800,"status":"passed","title":"should safely handle database nulls"},{"ancestorTitles":["finance-utils asNumber (P0-3 Fix)","Real-world database scenarios"],"duration":0,"failing":false,"failureDetails":[],"failureMessages":[],"fullName":"finance-utils asNumber (P0-3 Fix) Real-world database scenarios should safely handle missing fields","invocations":1,"location":null,"numPassingAsserts":1,"retryReasons":[],"startAt":1781368501801,"status":"passed","title":"should safely handle missing fields"},{"ancestorTitles":["finance-utils asNumber (P0-3 Fix)","Real-world database scenarios"],"duration":0,"failing":false,"failureDetails":[],"failureMessages":[],"fullName":"finance-utils asNumber (P0-3 Fix) Real-world database scenarios should clamp corrupted database values","invocations":1,"location":null,"numPassingAsserts":1,"retryReasons":[],"startAt":1781368501801,"status":"passed","title":"should clamp corrupted database values"},{"ancestorTitles":["finance-utils asNumber (P0-3 Fix)","Real-world database scenarios"],"duration":1,"failing":false,"failureDetails":[],"failureMessages":[],"fullName":"finance-utils asNumber (P0-3 Fix) Real-world database scenarios should handle typical payment amounts from DB","invocations":1,"location":null,"numPassingAsserts":1,"retryReasons":[],"startAt":1781368501801,"status":"passed","title":"should handle typical payment amounts from DB"},{"ancestorTitles":["finance-utils asNumber (P0-3 Fix)","Regression: P0-3 bugs prevented"],"duration":0,"failing":false,"failureDetails":[],"failureMessages":[],"fullName":"finance-utils asNumber (P0-3 Fix) Regression: P0-3 bugs prevented prevents negative amount bug in dashboard metrics","invocations":1,"location":null,"numPassingAsserts":1,"retryReasons":[],"startAt":1781368501802,"status":"passed","title":"prevents negative amount bug in dashboard metrics"},{"ancestorTitles":["finance-utils asNumber (P0-3 Fix)","Regression: P0-3 bugs prevented"],"duration":0,"failing":false,"failureDetails":[],"failureMessages":[],"fullName":"finance-utils asNumber (P0-3 Fix) Regression: P0-3 bugs prevented prevents overflow in revenue calculation","invocations":1,"location":null,"numPassingAsserts":1,"retryReasons":[],"startAt":1781368501802,"status":"passed","title":"prevents overflow in revenue calculation"}],"endTime":1781368501803,"message":"","name":"C:\\Users\\Admin\\Desktop\\Ai\\mood saas\\mood-studio\\tests\\unit\\finance-utils.test.ts","startTime":1781368501488,"status":"passed","summary":""}],"wasInterrupted":false}
